# JRE version: OpenJDK Runtime Environment Corretto-17.0.2.8.1 (17.0.2+8) (build 17.0.2+8-LTS)
# Java VM: OpenJDK 64-Bit Server VM Corretto-17.0.2.8.1 (17.0.2+8-LTS, mixed mode, sharing, tiered, compressed oops, compressed class ptrs, g1 gc, windows-amd64)
GC Precious Log:
 CPUs: 12 total, 12 available
 Memory: 65398M
 Large Page Support: Disabled
 NUMA Support: Disabled
 Compressed Oops: Enabled (Zero based)
 Heap Region Size: 8M
 Heap Min Capacity: 8M
 Heap Initial Capacity: 1G
 Heap Max Capacity: 16352M
 Pre-touch: Disabled
 Parallel Workers: 10
 Concurrent Workers: 3
 Concurrent Refinement Workers: 10
 Periodic GC: Disabled
Heap:
 garbage-first heap   total 1695744K, used 703798K [0x0000000402000000, 0x0000000800000000)
  region size 8192K, 49 young (401408K), 6 survivors (49152K)
 Metaspace       used 70225K, committed 70848K, reserved 1114112K
  class space    used 9954K, committed 10240K, reserved 1048576K
GC Heap History (20 events):
Event: 10.679 GC heap before
{Heap before GC invocations=18 (full 0):
 garbage-first heap   total 1753088K, used 531335K [0x0000000402000000, 0x0000000800000000)
  region size 8192K, 15 young (122880K), 14 survivors (114688K)
 Metaspace       used 33636K, committed 33984K, reserved 1081344K
  class space    used 4046K, committed 4224K, reserved 1048576K
}
Event: 10.723 GC heap after
{Heap after GC invocations=19 (full 0):
 garbage-first heap   total 1753088K, used 519164K [0x0000000402000000, 0x0000000800000000)
  region size 8192K, 1 young (8192K), 1 survivors (8192K)
 Metaspace       used 33636K, committed 33984K, reserved 1081344K
  class space    used 4046K, committed 4224K, reserved 1048576K
}
Event: 11.915 GC heap before
{Heap before GC invocations=19 (full 0):
 garbage-first heap   total 1753088K, used 1010684K [0x0000000402000000, 0x0000000800000000)
  region size 8192K, 62 young (507904K), 1 survivors (8192K)
 Metaspace       used 35726K, committed 36096K, reserved 1081344K
  class space    used 4345K, committed 4544K, reserved 1048576K
}
Event: 11.928 GC heap after
{Heap after GC invocations=20 (full 0):
 garbage-first heap   total 1753088K, used 536227K [0x0000000402000000, 0x0000000800000000)
  region size 8192K, 3 young (24576K), 3 survivors (24576K)
 Metaspace       used 35726K, committed 36096K, reserved 1081344K
  class space    used 4345K, committed 4544K, reserved 1048576K
}
Event: 13.632 GC heap before
{Heap before GC invocations=21 (full 0):
 garbage-first heap   total 1040384K, used 945827K [0x0000000402000000, 0x0000000800000000)
  region size 8192K, 86 young (704512K), 3 survivors (24576K)
 Metaspace       used 49814K, committed 50240K, reserved 1097728K
  class space    used 7083K, committed 7296K, reserved 1048576K
}
Event: 13.682 GC heap after
{Heap after GC invocations=22 (full 0):
 garbage-first heap   total 1048576K, used 342082K [0x0000000402000000, 0x0000000800000000)
  region size 8192K, 11 young (90112K), 11 survivors (90112K)
 Metaspace       used 49814K, committed 50240K, reserved 1097728K
  class space    used 7083K, committed 7296K, reserved 1048576K
}
Event: 13.692 GC heap before
{Heap before GC invocations=22 (full 0):
 garbage-first heap   total 1048576K, used 350274K [0x0000000402000000, 0x0000000800000000)
  region size 8192K, 12 young (98304K), 11 survivors (90112K)
 Metaspace       used 49814K, committed 50240K, reserved 1097728K
  class space    used 7083K, committed 7296K, reserved 1048576K
}
Event: 13.725 GC heap after
{Heap after GC invocations=23 (full 0):
 garbage-first heap   total 1048576K, used 280929K [0x0000000402000000, 0x0000000800000000)
  region size 8192K, 2 young (16384K), 2 survivors (16384K)
 Metaspace       used 49814K, committed 50240K, reserved 1097728K
  class space    used 7083K, committed 7296K, reserved 1048576K
}
Event: 14.696 GC heap before
{Heap before GC invocations=23 (full 0):
 garbage-first heap   total 1048576K, used 813409K [0x0000000402000000, 0x0000000800000000)
  region size 8192K, 67 young (548864K), 2 survivors (16384K)
 Metaspace       used 54612K, committed 55104K, reserved 1097728K
  class space    used 7811K, committed 8064K, reserved 1048576K
}
Event: 14.730 GC heap after
{Heap after GC invocations=24 (full 0):
 garbage-first heap   total 3145728K, used 301996K [0x0000000402000000, 0x0000000800000000)
  region size 8192K, 5 young (40960K), 5 survivors (40960K)
 Metaspace       used 54612K, committed 55104K, reserved 1097728K
  class space    used 7811K, committed 8064K, reserved 1048576K
}
Event: 15.976 GC heap before
{Heap before GC invocations=25 (full 0):
 garbage-first heap   total 1179648K, used 1047468K [0x0000000402000000, 0x0000000800000000)
  region size 8192K, 97 young (794624K), 5 survivors (40960K)
 Metaspace       used 59576K, committed 60096K, reserved 1105920K
  class space    used 8405K, committed 8640K, reserved 1048576K
}
Event: 15.997 GC heap after
{Heap after GC invocations=26 (full 0):
 garbage-first heap   total 1179648K, used 315991K [0x0000000402000000, 0x0000000800000000)
  region size 8192K, 6 young (49152K), 6 survivors (49152K)
 Metaspace       used 59576K, committed 60096K, reserved 1105920K
  class space    used 8405K, committed 8640K, reserved 1048576K
}
Event: 16.012 GC heap before
{Heap before GC invocations=26 (full 0):
 garbage-first heap   total 1179648K, used 324183K [0x0000000402000000, 0x0000000800000000)
  region size 8192K, 7 young (57344K), 6 survivors (49152K)
 Metaspace       used 59662K, committed 60160K, reserved 1105920K
  class space    used 8409K, committed 8640K, reserved 1048576K
}
Event: 16.031 GC heap after
{Heap after GC invocations=27 (full 0):
 garbage-first heap   total 1179648K, used 312845K [0x0000000402000000, 0x0000000800000000)
  region size 8192K, 1 young (8192K), 1 survivors (8192K)
 Metaspace       used 59662K, committed 60160K, reserved 1105920K
  class space    used 8409K, committed 8640K, reserved 1048576K
}
Event: 17.010 GC heap before
{Heap before GC invocations=27 (full 0):
 garbage-first heap   total 1179648K, used 935437K [0x0000000402000000, 0x0000000800000000)
  region size 8192K, 76 young (622592K), 1 survivors (8192K)
 Metaspace       used 63525K, committed 64128K, reserved 1105920K
  class space    used 8950K, committed 9216K, reserved 1048576K
}
Event: 17.023 GC heap after
{Heap after GC invocations=28 (full 0):
 garbage-first heap   total 1179648K, used 333023K [0x0000000402000000, 0x0000000800000000)
  region size 8192K, 3 young (24576K), 3 survivors (24576K)
 Metaspace       used 63525K, committed 64128K, reserved 1105920K
  class space    used 8950K, committed 9216K, reserved 1048576K
}
Event: 18.161 GC heap before
{Heap before GC invocations=28 (full 0):
 garbage-first heap   total 1179648K, used 939231K [0x0000000402000000, 0x0000000800000000)
  region size 8192K, 77 young (630784K), 3 survivors (24576K)
 Metaspace       used 63569K, committed 64128K, reserved 1105920K
  class space    used 8955K, committed 9216K, reserved 1048576K
}
Event: 18.179 GC heap after
{Heap after GC invocations=29 (full 0):
 garbage-first heap   total 1179648K, used 346858K [0x0000000402000000, 0x0000000800000000)
  region size 8192K, 5 young (40960K), 5 survivors (40960K)
 Metaspace       used 63569K, committed 64128K, reserved 1105920K
  class space    used 8955K, committed 9216K, reserved 1048576K
}
Event: 18.953 GC heap before
{Heap before GC invocations=29 (full 0):
 garbage-first heap   total 1179648K, used 953066K [0x0000000402000000, 0x0000000800000000)
  region size 8192K, 79 young (647168K), 5 survivors (40960K)
 Metaspace       used 66615K, committed 67200K, reserved 1114112K
  class space    used 9376K, committed 9664K, reserved 1048576K
}
Event: 18.979 GC heap after
{Heap after GC invocations=30 (full 0):
 garbage-first heap   total 2539520K, used 359734K [0x0000000402000000, 0x0000000800000000)
  region size 8192K, 6 young (49152K), 6 survivors (49152K)
 Metaspace       used 66615K, committed 67200K, reserved 1114112K
  class space    used 9376K, committed 9664K, reserved 1048576K
}

