# JRE version: OpenJDK Runtime Environment Corretto-17.0.2.8.1 (17.0.2+8) (build 17.0.2+8-LTS)
# Java VM: OpenJDK 64-Bit Server VM Corretto-17.0.2.8.1 (17.0.2+8-LTS, mixed mode, sharing, tiered, compressed oops, compressed class ptrs, g1 gc, windows-amd64)
GC Precious Log:
 CPUs: 12 total, 12 available
 Memory: 65398M
 Large Page Support: Disabled
 NUMA Support: Disabled
 Compressed Oops: Enabled (Zero based)
 Heap Region Size: 8M
 Heap Min Capacity: 8M
 Heap Initial Capacity: 1G
 Heap Max Capacity: 16352M
 Pre-touch: Disabled
 Parallel Workers: 10
 Concurrent Workers: 3
 Concurrent Refinement Workers: 10
 Periodic GC: Disabled
Heap:
 garbage-first heap   total 1818624K, used 769131K [0x0000000402000000, 0x0000000800000000)
  region size 8192K, 72 young (589824K), 3 survivors (24576K)
 Metaspace       used 45109K, committed 45696K, reserved 1089536K
  class space    used 6827K, committed 7104K, reserved 1048576K
GC Heap History (20 events):
Event: 4.379 GC heap before
{Heap before GC invocations=9 (full 0):
 garbage-first heap   total 466944K, used 211498K [0x0000000402000000, 0x0000000800000000)
  region size 8192K, 18 young (147456K), 4 survivors (32768K)
 Metaspace       used 35834K, committed 36288K, reserved 1081344K
  class space    used 5213K, committed 5440K, reserved 1048576K
}
Event: 4.404 GC heap after
{Heap after GC invocations=10 (full 0):
 garbage-first heap   total 466944K, used 121877K [0x0000000402000000, 0x0000000800000000)
  region size 8192K, 2 young (16384K), 2 survivors (16384K)
 Metaspace       used 35834K, committed 36288K, reserved 1081344K
  class space    used 5213K, committed 5440K, reserved 1048576K
}
Event: 4.738 GC heap before
{Heap before GC invocations=11 (full 0):
 garbage-first heap   total 466944K, used 310293K [0x0000000402000000, 0x0000000800000000)
  region size 8192K, 26 young (212992K), 2 survivors (16384K)
 Metaspace       used 37526K, committed 37952K, reserved 1081344K
  class space    used 5548K, committed 5760K, reserved 1048576K
}
Event: 4.762 GC heap after
{Heap after GC invocations=12 (full 0):
 garbage-first heap   total 466944K, used 143658K [0x0000000402000000, 0x0000000800000000)
  region size 8192K, 4 young (32768K), 4 survivors (32768K)
 Metaspace       used 37526K, committed 37952K, reserved 1081344K
  class space    used 5548K, committed 5760K, reserved 1048576K
}
Event: 4.924 GC heap before
{Heap before GC invocations=12 (full 0):
 garbage-first heap   total 466944K, used 323882K [0x0000000402000000, 0x0000000800000000)
  region size 8192K, 27 young (221184K), 4 survivors (32768K)
 Metaspace       used 38364K, committed 38912K, reserved 1089536K
  class space    used 5715K, committed 5952K, reserved 1048576K
}
Event: 4.955 GC heap after
{Heap after GC invocations=13 (full 0):
 garbage-first heap   total 466944K, used 170685K [0x0000000402000000, 0x0000000800000000)
  region size 8192K, 4 young (32768K), 4 survivors (32768K)
 Metaspace       used 38364K, committed 38912K, reserved 1089536K
  class space    used 5715K, committed 5952K, reserved 1048576K
}
Event: 5.112 GC heap before
{Heap before GC invocations=13 (full 0):
 garbage-first heap   total 466944K, used 334525K [0x0000000402000000, 0x0000000800000000)
  region size 8192K, 24 young (196608K), 4 survivors (32768K)
 Metaspace       used 39371K, committed 39936K, reserved 1089536K
  class space    used 5917K, committed 6208K, reserved 1048576K
}
Event: 5.143 GC heap after
{Heap after GC invocations=14 (full 0):
 garbage-first heap   total 884736K, used 193551K [0x0000000402000000, 0x0000000800000000)
  region size 8192K, 3 young (24576K), 3 survivors (24576K)
 Metaspace       used 39371K, committed 39936K, reserved 1089536K
  class space    used 5917K, committed 6208K, reserved 1048576K
}
Event: 5.337 GC heap before
{Heap before GC invocations=14 (full 0):
 garbage-first heap   total 884736K, used 644111K [0x0000000402000000, 0x0000000800000000)
  region size 8192K, 58 young (475136K), 3 survivors (24576K)
 Metaspace       used 40738K, committed 41344K, reserved 1089536K
  class space    used 6156K, committed 6464K, reserved 1048576K
}
Event: 5.353 GC heap after
{Heap after GC invocations=15 (full 0):
 garbage-first heap   total 884736K, used 202104K [0x0000000402000000, 0x0000000800000000)
  region size 8192K, 4 young (32768K), 4 survivors (32768K)
 Metaspace       used 40738K, committed 41344K, reserved 1089536K
  class space    used 6156K, committed 6464K, reserved 1048576K
}
Event: 5.466 GC heap before
{Heap before GC invocations=15 (full 0):
 garbage-first heap   total 884736K, used 685432K [0x0000000402000000, 0x0000000800000000)
  region size 8192K, 63 young (516096K), 4 survivors (32768K)
 Metaspace       used 41164K, committed 41728K, reserved 1089536K
  class space    used 6215K, committed 6528K, reserved 1048576K
}
Event: 5.484 GC heap after
{Heap after GC invocations=16 (full 0):
 garbage-first heap   total 884736K, used 209020K [0x0000000402000000, 0x0000000800000000)
  region size 8192K, 5 young (40960K), 5 survivors (40960K)
 Metaspace       used 41164K, committed 41728K, reserved 1089536K
  class space    used 6215K, committed 6528K, reserved 1048576K
}
Event: 5.600 GC heap before
{Heap before GC invocations=16 (full 0):
 garbage-first heap   total 884736K, used 692348K [0x0000000402000000, 0x0000000800000000)
  region size 8192K, 64 young (524288K), 5 survivors (40960K)
 Metaspace       used 41465K, committed 42048K, reserved 1089536K
  class space    used 6264K, committed 6528K, reserved 1048576K
}
Event: 5.621 GC heap after
{Heap after GC invocations=17 (full 0):
 garbage-first heap   total 884736K, used 210198K [0x0000000402000000, 0x0000000800000000)
  region size 8192K, 3 young (24576K), 3 survivors (24576K)
 Metaspace       used 41465K, committed 42048K, reserved 1089536K
  class space    used 6264K, committed 6528K, reserved 1048576K
}
Event: 5.723 GC heap before
{Heap before GC invocations=17 (full 0):
 garbage-first heap   total 884736K, used 709910K [0x0000000402000000, 0x0000000800000000)
  region size 8192K, 64 young (524288K), 3 survivors (24576K)
 Metaspace       used 41829K, committed 42496K, reserved 1089536K
  class space    used 6336K, committed 6656K, reserved 1048576K
}
Event: 5.736 GC heap after
{Heap after GC invocations=18 (full 0):
 garbage-first heap   total 1818624K, used 212195K [0x0000000402000000, 0x0000000800000000)
  region size 8192K, 3 young (24576K), 3 survivors (24576K)
 Metaspace       used 41829K, committed 42496K, reserved 1089536K
  class space    used 6336K, committed 6656K, reserved 1048576K
}
Event: 6.151 GC heap before
{Heap before GC invocations=18 (full 0):
 garbage-first heap   total 1818624K, used 1277155K [0x0000000402000000, 0x0000000800000000)
  region size 8192K, 133 young (1089536K), 3 survivors (24576K)
 Metaspace       used 43416K, committed 44032K, reserved 1089536K
  class space    used 6633K, committed 6912K, reserved 1048576K
}
Event: 6.162 GC heap after
{Heap after GC invocations=19 (full 0):
 garbage-first heap   total 1818624K, used 210868K [0x0000000402000000, 0x0000000800000000)
  region size 8192K, 3 young (24576K), 3 survivors (24576K)
 Metaspace       used 43416K, committed 44032K, reserved 1089536K
  class space    used 6633K, committed 6912K, reserved 1048576K
}
Event: 6.428 GC heap before
{Heap before GC invocations=19 (full 0):
 garbage-first heap   total 1818624K, used 1275828K [0x0000000402000000, 0x0000000800000000)
  region size 8192K, 133 young (1089536K), 3 survivors (24576K)
 Metaspace       used 44530K, committed 45184K, reserved 1089536K
  class space    used 6793K, committed 7104K, reserved 1048576K
}
Event: 6.439 GC heap after
{Heap after GC invocations=20 (full 0):
 garbage-first heap   total 1818624K, used 212075K [0x0000000402000000, 0x0000000800000000)
  region size 8192K, 3 young (24576K), 3 survivors (24576K)
 Metaspace       used 44530K, committed 45184K, reserved 1089536K
  class space    used 6793K, committed 7104K, reserved 1048576K
}

