# JRE version: OpenJDK Runtime Environment Corretto-17.0.2.8.1 (17.0.2+8) (build 17.0.2+8-LTS)
# Java VM: OpenJDK 64-Bit Server VM Corretto-17.0.2.8.1 (17.0.2+8-LTS, mixed mode, sharing, tiered, compressed oops, compressed class ptrs, g1 gc, windows-amd64)
GC Precious Log:
 CPUs: 12 total, 12 available
 Memory: 65398M
 Large Page Support: Disabled
 NUMA Support: Disabled
 Compressed Oops: Enabled (Zero based)
 Heap Region Size: 8M
 Heap Min Capacity: 8M
 Heap Initial Capacity: 1G
 Heap Max Capacity: 16352M
 Pre-touch: Disabled
 Parallel Workers: 10
 Concurrent Workers: 3
 Concurrent Refinement Workers: 10
 Periodic GC: Disabled
Heap:
 garbage-first heap   total 2105344K, used 1153353K [0x0000000402000000, 0x0000000800000000)
  region size 8192K, 118 young (966656K), 2 survivors (16384K)
 Metaspace       used 45029K, committed 45632K, reserved 1089536K
  class space    used 6819K, committed 7104K, reserved 1048576K
GC Heap History (20 events):
Event: 3.407 GC heap before
{Heap before GC invocations=9 (full 0):
 garbage-first heap   total 360448K, used 271495K [0x0000000402000000, 0x0000000800000000)
  region size 8192K, 27 young (221184K), 2 survivors (16384K)
 Metaspace       used 30959K, committed 31424K, reserved 1081344K
  class space    used 4074K, committed 4288K, reserved 1048576K
}
Event: 3.429 GC heap after
{Heap after GC invocations=10 (full 0):
 garbage-first heap   total 360448K, used 105673K [0x0000000402000000, 0x0000000800000000)
  region size 8192K, 4 young (32768K), 4 survivors (32768K)
 Metaspace       used 30959K, committed 31424K, reserved 1081344K
  class space    used 4074K, committed 4288K, reserved 1048576K
}
Event: 3.807 GC heap before
{Heap before GC invocations=10 (full 0):
 garbage-first heap   total 360448K, used 236745K [0x0000000402000000, 0x0000000800000000)
  region size 8192K, 20 young (163840K), 4 survivors (32768K)
 Metaspace       used 36656K, committed 37056K, reserved 1081344K
  class space    used 5390K, committed 5568K, reserved 1048576K
}
Event: 3.833 GC heap after
{Heap after GC invocations=11 (full 0):
 garbage-first heap   total 360448K, used 124598K [0x0000000402000000, 0x0000000800000000)
  region size 8192K, 3 young (24576K), 3 survivors (24576K)
 Metaspace       used 36656K, committed 37056K, reserved 1081344K
  class space    used 5390K, committed 5568K, reserved 1048576K
}
Event: 4.000 GC heap before
{Heap before GC invocations=11 (full 0):
 garbage-first heap   total 360448K, used 239286K [0x0000000402000000, 0x0000000800000000)
  region size 8192K, 17 young (139264K), 3 survivors (24576K)
 Metaspace       used 37857K, committed 38400K, reserved 1089536K
  class space    used 5598K, committed 5824K, reserved 1048576K
}
Event: 4.017 GC heap after
{Heap after GC invocations=12 (full 0):
 garbage-first heap   total 360448K, used 139198K [0x0000000402000000, 0x0000000800000000)
  region size 8192K, 2 young (16384K), 2 survivors (16384K)
 Metaspace       used 37857K, committed 38400K, reserved 1089536K
  class space    used 5598K, committed 5824K, reserved 1048576K
}
Event: 4.111 GC heap before
{Heap before GC invocations=12 (full 0):
 garbage-first heap   total 360448K, used 253886K [0x0000000402000000, 0x0000000800000000)
  region size 8192K, 16 young (131072K), 2 survivors (16384K)
 Metaspace       used 38491K, committed 39104K, reserved 1089536K
  class space    used 5730K, committed 6016K, reserved 1048576K
}
Event: 4.128 GC heap after
{Heap after GC invocations=13 (full 0):
 garbage-first heap   total 360448K, used 154317K [0x0000000402000000, 0x0000000800000000)
  region size 8192K, 2 young (16384K), 2 survivors (16384K)
 Metaspace       used 38491K, committed 39104K, reserved 1089536K
  class space    used 5730K, committed 6016K, reserved 1048576K
}
Event: 4.215 GC heap before
{Heap before GC invocations=13 (full 0):
 garbage-first heap   total 360448K, used 260813K [0x0000000402000000, 0x0000000800000000)
  region size 8192K, 15 young (122880K), 2 survivors (16384K)
 Metaspace       used 39190K, committed 39744K, reserved 1089536K
  class space    used 5859K, committed 6144K, reserved 1048576K
}
Event: 4.237 GC heap after
{Heap after GC invocations=14 (full 0):
 garbage-first heap   total 720896K, used 170312K [0x0000000402000000, 0x0000000800000000)
  region size 8192K, 2 young (16384K), 2 survivors (16384K)
 Metaspace       used 39190K, committed 39744K, reserved 1089536K
  class space    used 5859K, committed 6144K, reserved 1048576K
}
Event: 4.537 GC heap before
{Heap before GC invocations=14 (full 0):
 garbage-first heap   total 720896K, used 506184K [0x0000000402000000, 0x0000000800000000)
  region size 8192K, 44 young (360448K), 2 survivors (16384K)
 Metaspace       used 41884K, committed 42496K, reserved 1089536K
  class space    used 6334K, committed 6592K, reserved 1048576K
}
Event: 4.568 GC heap after
{Heap after GC invocations=15 (full 0):
 garbage-first heap   total 720896K, used 201849K [0x0000000402000000, 0x0000000800000000)
  region size 8192K, 6 young (49152K), 6 survivors (49152K)
 Metaspace       used 41884K, committed 42496K, reserved 1089536K
  class space    used 6334K, committed 6592K, reserved 1048576K
}
Event: 4.662 GC heap before
{Heap before GC invocations=15 (full 0):
 garbage-first heap   total 720896K, used 513145K [0x0000000402000000, 0x0000000800000000)
  region size 8192K, 44 young (360448K), 6 survivors (49152K)
 Metaspace       used 42433K, committed 43072K, reserved 1089536K
  class space    used 6427K, committed 6720K, reserved 1048576K
}
Event: 4.680 GC heap after
{Heap after GC invocations=16 (full 0):
 garbage-first heap   total 720896K, used 207932K [0x0000000402000000, 0x0000000800000000)
  region size 8192K, 1 young (8192K), 1 survivors (8192K)
 Metaspace       used 42433K, committed 43072K, reserved 1089536K
  class space    used 6427K, committed 6720K, reserved 1048576K
}
Event: 4.774 GC heap before
{Heap before GC invocations=16 (full 0):
 garbage-first heap   total 720896K, used 535612K [0x0000000402000000, 0x0000000800000000)
  region size 8192K, 41 young (335872K), 1 survivors (8192K)
 Metaspace       used 42643K, committed 43264K, reserved 1089536K
  class space    used 6464K, committed 6784K, reserved 1048576K
}
Event: 4.781 GC heap after
{Heap after GC invocations=17 (full 0):
 garbage-first heap   total 720896K, used 208167K [0x0000000402000000, 0x0000000800000000)
  region size 8192K, 1 young (8192K), 1 survivors (8192K)
 Metaspace       used 42643K, committed 43264K, reserved 1089536K
  class space    used 6464K, committed 6784K, reserved 1048576K
}
Event: 4.873 GC heap before
{Heap before GC invocations=18 (full 0):
 garbage-first heap   total 720896K, used 552231K [0x0000000402000000, 0x0000000800000000)
  region size 8192K, 43 young (352256K), 1 survivors (8192K)
 Metaspace       used 42989K, committed 43584K, reserved 1089536K
  class space    used 6552K, committed 6848K, reserved 1048576K
}
Event: 4.878 GC heap after
{Heap after GC invocations=19 (full 0):
 garbage-first heap   total 720896K, used 207050K [0x0000000402000000, 0x0000000800000000)
  region size 8192K, 1 young (8192K), 1 survivors (8192K)
 Metaspace       used 42989K, committed 43584K, reserved 1089536K
  class space    used 6552K, committed 6848K, reserved 1048576K
}
Event: 4.956 GC heap before
{Heap before GC invocations=19 (full 0):
 garbage-first heap   total 720896K, used 567498K [0x0000000402000000, 0x0000000800000000)
  region size 8192K, 45 young (368640K), 1 survivors (8192K)
 Metaspace       used 43158K, committed 43712K, reserved 1089536K
  class space    used 6588K, committed 6848K, reserved 1048576K
}
Event: 4.968 GC heap after
{Heap after GC invocations=20 (full 0):
 garbage-first heap   total 2105344K, used 211273K [0x0000000402000000, 0x0000000800000000)
  region size 8192K, 2 young (16384K), 2 survivors (16384K)
 Metaspace       used 43158K, committed 43712K, reserved 1089536K
  class space    used 6588K, committed 6848K, reserved 1048576K
}

