# JRE version: OpenJDK Runtime Environment Corretto-17.0.2.8.1 (17.0.2+8) (build 17.0.2+8-LTS)
# Java VM: OpenJDK 64-Bit Server VM Corretto-17.0.2.8.1 (17.0.2+8-LTS, mixed mode, sharing, tiered, compressed oops, compressed class ptrs, g1 gc, windows-amd64)
GC Precious Log:
 CPUs: 12 total, 12 available
 Memory: 65398M
 Large Page Support: Disabled
 NUMA Support: Disabled
 Compressed Oops: Enabled (Zero based)
 Heap Region Size: 8M
 Heap Min Capacity: 8M
 Heap Initial Capacity: 1G
 Heap Max Capacity: 16352M
 Pre-touch: Disabled
 Parallel Workers: 10
 Concurrent Workers: 3
 Concurrent Refinement Workers: 10
 Periodic GC: Disabled
Heap:
 garbage-first heap   total 983040K, used 712972K [0x0000000402000000, 0x0000000800000000)
  region size 8192K, 64 young (524288K), 3 survivors (24576K)
 Metaspace       used 45027K, committed 45632K, reserved 1089536K
  class space    used 6822K, committed 7104K, reserved 1048576K
GC Heap History (20 events):
Event: 4.860 GC heap before
{Heap before GC invocations=13 (full 0):
 garbage-first heap   total 327680K, used 249655K [0x0000000402000000, 0x0000000800000000)
  region size 8192K, 14 young (114688K), 2 survivors (16384K)
 Metaspace       used 38053K, committed 38528K, reserved 1089536K
  class space    used 5642K, committed 5824K, reserved 1048576K
}
Event: 4.880 GC heap after
{Heap after GC invocations=14 (full 0):
 garbage-first heap   total 638976K, used 167182K [0x0000000402000000, 0x0000000800000000)
  region size 8192K, 2 young (16384K), 2 survivors (16384K)
 Metaspace       used 38053K, committed 38528K, reserved 1089536K
  class space    used 5642K, committed 5824K, reserved 1048576K
}
Event: 5.171 GC heap before
{Heap before GC invocations=14 (full 0):
 garbage-first heap   total 638976K, used 470286K [0x0000000402000000, 0x0000000800000000)
  region size 8192K, 39 young (319488K), 2 survivors (16384K)
 Metaspace       used 40750K, committed 41344K, reserved 1089536K
  class space    used 6148K, committed 6464K, reserved 1048576K
}
Event: 5.203 GC heap after
{Heap after GC invocations=15 (full 0):
 garbage-first heap   total 638976K, used 200444K [0x0000000402000000, 0x0000000800000000)
  region size 8192K, 5 young (40960K), 5 survivors (40960K)
 Metaspace       used 40750K, committed 41344K, reserved 1089536K
  class space    used 6148K, committed 6464K, reserved 1048576K
}
Event: 5.273 GC heap before
{Heap before GC invocations=15 (full 0):
 garbage-first heap   total 638976K, used 462588K [0x0000000402000000, 0x0000000800000000)
  region size 8192K, 37 young (303104K), 5 survivors (40960K)
 Metaspace       used 40973K, committed 41536K, reserved 1089536K
  class space    used 6186K, committed 6464K, reserved 1048576K
}
Event: 5.295 GC heap after
{Heap after GC invocations=16 (full 0):
 garbage-first heap   total 638976K, used 207799K [0x0000000402000000, 0x0000000800000000)
  region size 8192K, 1 young (8192K), 1 survivors (8192K)
 Metaspace       used 40973K, committed 41536K, reserved 1089536K
  class space    used 6186K, committed 6464K, reserved 1048576K
}
Event: 5.353 GC heap before
{Heap before GC invocations=16 (full 0):
 garbage-first heap   total 638976K, used 478135K [0x0000000402000000, 0x0000000800000000)
  region size 8192K, 34 young (278528K), 1 survivors (8192K)
 Metaspace       used 41031K, committed 41600K, reserved 1089536K
  class space    used 6190K, committed 6464K, reserved 1048576K
}
Event: 5.360 GC heap after
{Heap after GC invocations=17 (full 0):
 garbage-first heap   total 638976K, used 206410K [0x0000000402000000, 0x0000000800000000)
  region size 8192K, 1 young (8192K), 1 survivors (8192K)
 Metaspace       used 41031K, committed 41600K, reserved 1089536K
  class space    used 6190K, committed 6464K, reserved 1048576K
}
Event: 5.425 GC heap before
{Heap before GC invocations=17 (full 0):
 garbage-first heap   total 638976K, used 501322K [0x0000000402000000, 0x0000000800000000)
  region size 8192K, 37 young (303104K), 1 survivors (8192K)
 Metaspace       used 41192K, committed 41792K, reserved 1089536K
  class space    used 6211K, committed 6528K, reserved 1048576K
}
Event: 5.436 GC heap after
{Heap after GC invocations=18 (full 0):
 garbage-first heap   total 1417216K, used 210011K [0x0000000402000000, 0x0000000800000000)
  region size 8192K, 2 young (16384K), 2 survivors (16384K)
 Metaspace       used 41192K, committed 41792K, reserved 1089536K
  class space    used 6211K, committed 6528K, reserved 1048576K
}
Event: 5.579 GC heap before
{Heap before GC invocations=18 (full 0):
 garbage-first heap   total 1417216K, used 586843K [0x0000000402000000, 0x0000000800000000)
  region size 8192K, 49 young (401408K), 2 survivors (16384K)
 Metaspace       used 41866K, committed 42496K, reserved 1089536K
  class space    used 6332K, committed 6656K, reserved 1048576K
}
Event: 5.589 GC heap after
{Heap after GC invocations=19 (full 0):
 garbage-first heap   total 1417216K, used 214422K [0x0000000402000000, 0x0000000800000000)
  region size 8192K, 2 young (16384K), 2 survivors (16384K)
 Metaspace       used 41866K, committed 42496K, reserved 1089536K
  class space    used 6332K, committed 6656K, reserved 1048576K
}
Event: 5.898 GC heap before
{Heap before GC invocations=20 (full 0):
 garbage-first heap   total 1417216K, used 1033622K [0x0000000402000000, 0x0000000800000000)
  region size 8192K, 103 young (843776K), 2 survivors (16384K)
 Metaspace       used 42665K, committed 43264K, reserved 1089536K
  class space    used 6487K, committed 6784K, reserved 1048576K
}
Event: 5.909 GC heap after
{Heap after GC invocations=21 (full 0):
 garbage-first heap   total 1417216K, used 217914K [0x0000000402000000, 0x0000000800000000)
  region size 8192K, 3 young (24576K), 3 survivors (24576K)
 Metaspace       used 42665K, committed 43264K, reserved 1089536K
  class space    used 6487K, committed 6784K, reserved 1048576K
}
Event: 6.117 GC heap before
{Heap before GC invocations=21 (full 0):
 garbage-first heap   total 1417216K, used 1037114K [0x0000000402000000, 0x0000000800000000)
  region size 8192K, 103 young (843776K), 3 survivors (24576K)
 Metaspace       used 43216K, committed 43840K, reserved 1089536K
  class space    used 6604K, committed 6912K, reserved 1048576K
}
Event: 6.126 GC heap after
{Heap after GC invocations=22 (full 0):
 garbage-first heap   total 1417216K, used 219306K [0x0000000402000000, 0x0000000800000000)
  region size 8192K, 3 young (24576K), 3 survivors (24576K)
 Metaspace       used 43216K, committed 43840K, reserved 1089536K
  class space    used 6604K, committed 6912K, reserved 1048576K
}
Event: 6.298 GC heap before
{Heap before GC invocations=23 (full 0):
 garbage-first heap   total 983040K, used 923818K [0x0000000402000000, 0x0000000800000000)
  region size 8192K, 90 young (737280K), 3 survivors (24576K)
 Metaspace       used 43942K, committed 44608K, reserved 1089536K
  class space    used 6729K, committed 7040K, reserved 1048576K
}
Event: 6.308 GC heap after
{Heap after GC invocations=24 (full 0):
 garbage-first heap   total 983040K, used 219520K [0x0000000402000000, 0x0000000800000000)
  region size 8192K, 3 young (24576K), 3 survivors (24576K)
 Metaspace       used 43942K, committed 44608K, reserved 1089536K
  class space    used 6729K, committed 7040K, reserved 1048576K
}
Event: 6.417 GC heap before
{Heap before GC invocations=24 (full 0):
 garbage-first heap   total 983040K, used 784768K [0x0000000402000000, 0x0000000800000000)
  region size 8192K, 72 young (589824K), 3 survivors (24576K)
 Metaspace       used 44427K, committed 45056K, reserved 1089536K
  class space    used 6783K, committed 7104K, reserved 1048576K
}
Event: 6.427 GC heap after
{Heap after GC invocations=25 (full 0):
 garbage-first heap   total 983040K, used 221452K [0x0000000402000000, 0x0000000800000000)
  region size 8192K, 3 young (24576K), 3 survivors (24576K)
 Metaspace       used 44427K, committed 45056K, reserved 1089536K
  class space    used 6783K, committed 7104K, reserved 1048576K
}

