# JRE version: OpenJDK Runtime Environment Corretto-17.0.2.8.1 (17.0.2+8) (build 17.0.2+8-LTS)
# Java VM: OpenJDK 64-Bit Server VM Corretto-17.0.2.8.1 (17.0.2+8-LTS, mixed mode, sharing, tiered, compressed oops, compressed class ptrs, g1 gc, windows-amd64)
GC Precious Log:
 CPUs: 12 total, 12 available
 Memory: 65398M
 Large Page Support: Disabled
 NUMA Support: Disabled
 Compressed Oops: Enabled (Zero based)
 Heap Region Size: 8M
 Heap Min Capacity: 8M
 Heap Initial Capacity: 1G
 Heap Max Capacity: 16352M
 Pre-touch: Disabled
 Parallel Workers: 10
 Concurrent Workers: 3
 Concurrent Refinement Workers: 10
 Periodic GC: Disabled
Heap:
 garbage-first heap   total 1998848K, used 658608K [0x0000000402000000, 0x0000000800000000)
  region size 8192K, 60 young (491520K), 5 survivors (40960K)
 Metaspace       used 45085K, committed 45696K, reserved 1089536K
  class space    used 6819K, committed 7104K, reserved 1048576K
GC Heap History (20 events):
Event: 4.115 GC heap before
{Heap before GC invocations=9 (full 0):
 garbage-first heap   total 548864K, used 157280K [0x0000000402000000, 0x0000000800000000)
  region size 8192K, 11 young (90112K), 5 survivors (40960K)
 Metaspace       used 35993K, committed 36416K, reserved 1081344K
  class space    used 5246K, committed 5440K, reserved 1048576K
}
Event: 4.138 GC heap after
{Heap after GC invocations=10 (full 0):
 garbage-first heap   total 548864K, used 125241K [0x0000000402000000, 0x0000000800000000)
  region size 8192K, 1 young (8192K), 1 survivors (8192K)
 Metaspace       used 35993K, committed 36416K, reserved 1081344K
  class space    used 5246K, committed 5440K, reserved 1048576K
}
Event: 4.444 GC heap before
{Heap before GC invocations=11 (full 0):
 garbage-first heap   total 548864K, used 346425K [0x0000000402000000, 0x0000000800000000)
  region size 8192K, 29 young (237568K), 1 survivors (8192K)
 Metaspace       used 37693K, committed 38272K, reserved 1089536K
  class space    used 5575K, committed 5824K, reserved 1048576K
}
Event: 4.464 GC heap after
{Heap after GC invocations=12 (full 0):
 garbage-first heap   total 548864K, used 149817K [0x0000000402000000, 0x0000000800000000)
  region size 8192K, 4 young (32768K), 4 survivors (32768K)
 Metaspace       used 37693K, committed 38272K, reserved 1089536K
  class space    used 5575K, committed 5824K, reserved 1048576K
}
Event: 4.650 GC heap before
{Heap before GC invocations=12 (full 0):
 garbage-first heap   total 548864K, used 379193K [0x0000000402000000, 0x0000000800000000)
  region size 8192K, 32 young (262144K), 4 survivors (32768K)
 Metaspace       used 39007K, committed 39552K, reserved 1089536K
  class space    used 5831K, committed 6080K, reserved 1048576K
}
Event: 4.681 GC heap after
{Heap after GC invocations=13 (full 0):
 garbage-first heap   total 548864K, used 181698K [0x0000000402000000, 0x0000000800000000)
  region size 8192K, 4 young (32768K), 4 survivors (32768K)
 Metaspace       used 39007K, committed 39552K, reserved 1089536K
  class space    used 5831K, committed 6080K, reserved 1048576K
}
Event: 4.828 GC heap before
{Heap before GC invocations=13 (full 0):
 garbage-first heap   total 548864K, used 394690K [0x0000000402000000, 0x0000000800000000)
  region size 8192K, 30 young (245760K), 4 survivors (32768K)
 Metaspace       used 39829K, committed 40448K, reserved 1089536K
  class space    used 5988K, committed 6272K, reserved 1048576K
}
Event: 4.850 GC heap after
{Heap after GC invocations=14 (full 0):
 garbage-first heap   total 999424K, used 196769K [0x0000000402000000, 0x0000000800000000)
  region size 8192K, 2 young (16384K), 2 survivors (16384K)
 Metaspace       used 39829K, committed 40448K, reserved 1089536K
  class space    used 5988K, committed 6272K, reserved 1048576K
}
Event: 4.995 GC heap before
{Heap before GC invocations=14 (full 0):
 garbage-first heap   total 999424K, used 729249K [0x0000000402000000, 0x0000000800000000)
  region size 8192K, 67 young (548864K), 2 survivors (16384K)
 Metaspace       used 40915K, committed 41472K, reserved 1089536K
  class space    used 6184K, committed 6464K, reserved 1048576K
}
Event: 5.007 GC heap after
{Heap after GC invocations=15 (full 0):
 garbage-first heap   total 999424K, used 202503K [0x0000000402000000, 0x0000000800000000)
  region size 8192K, 3 young (24576K), 3 survivors (24576K)
 Metaspace       used 40915K, committed 41472K, reserved 1089536K
  class space    used 6184K, committed 6464K, reserved 1048576K
}
Event: 5.140 GC heap before
{Heap before GC invocations=15 (full 0):
 garbage-first heap   total 999424K, used 775943K [0x0000000402000000, 0x0000000800000000)
  region size 8192K, 73 young (598016K), 3 survivors (24576K)
 Metaspace       used 41131K, committed 41664K, reserved 1089536K
  class space    used 6205K, committed 6464K, reserved 1048576K
}
Event: 5.154 GC heap after
{Heap after GC invocations=16 (full 0):
 garbage-first heap   total 999424K, used 209645K [0x0000000402000000, 0x0000000800000000)
  region size 8192K, 4 young (32768K), 4 survivors (32768K)
 Metaspace       used 41131K, committed 41664K, reserved 1089536K
  class space    used 6205K, committed 6464K, reserved 1048576K
}
Event: 5.270 GC heap before
{Heap before GC invocations=16 (full 0):
 garbage-first heap   total 999424K, used 774893K [0x0000000402000000, 0x0000000800000000)
  region size 8192K, 73 young (598016K), 4 survivors (32768K)
 Metaspace       used 41655K, committed 42240K, reserved 1089536K
  class space    used 6298K, committed 6592K, reserved 1048576K
}
Event: 5.285 GC heap after
{Heap after GC invocations=17 (full 0):
 garbage-first heap   total 999424K, used 211708K [0x0000000402000000, 0x0000000800000000)
  region size 8192K, 4 young (32768K), 4 survivors (32768K)
 Metaspace       used 41655K, committed 42240K, reserved 1089536K
  class space    used 6298K, committed 6592K, reserved 1048576K
}
Event: 5.396 GC heap before
{Heap before GC invocations=17 (full 0):
 garbage-first heap   total 999424K, used 776956K [0x0000000402000000, 0x0000000800000000)
  region size 8192K, 73 young (598016K), 4 survivors (32768K)
 Metaspace       used 41882K, committed 42496K, reserved 1089536K
  class space    used 6343K, committed 6656K, reserved 1048576K
}
Event: 5.417 GC heap after
{Heap after GC invocations=18 (full 0):
 garbage-first heap   total 1998848K, used 211783K [0x0000000402000000, 0x0000000800000000)
  region size 8192K, 4 young (32768K), 4 survivors (32768K)
 Metaspace       used 41882K, committed 42496K, reserved 1089536K
  class space    used 6343K, committed 6656K, reserved 1048576K
}
Event: 5.748 GC heap before
{Heap before GC invocations=18 (full 0):
 garbage-first heap   total 1998848K, used 1375047K [0x0000000402000000, 0x0000000800000000)
  region size 8192K, 146 young (1196032K), 4 survivors (32768K)
 Metaspace       used 43700K, committed 44352K, reserved 1089536K
  class space    used 6676K, committed 6976K, reserved 1048576K
}
Event: 5.763 GC heap after
{Heap after GC invocations=19 (full 0):
 garbage-first heap   total 1998848K, used 213659K [0x0000000402000000, 0x0000000800000000)
  region size 8192K, 4 young (32768K), 4 survivors (32768K)
 Metaspace       used 43700K, committed 44352K, reserved 1089536K
  class space    used 6676K, committed 6976K, reserved 1048576K
}
Event: 5.996 GC heap before
{Heap before GC invocations=19 (full 0):
 garbage-first heap   total 1998848K, used 1376923K [0x0000000402000000, 0x0000000800000000)
  region size 8192K, 146 young (1196032K), 4 survivors (32768K)
 Metaspace       used 44786K, committed 45376K, reserved 1089536K
  class space    used 6814K, committed 7104K, reserved 1048576K
}
Event: 6.014 GC heap after
{Heap after GC invocations=20 (full 0):
 garbage-first heap   total 1998848K, used 216240K [0x0000000402000000, 0x0000000800000000)
  region size 8192K, 5 young (40960K), 5 survivors (40960K)
 Metaspace       used 44786K, committed 45376K, reserved 1089536K
  class space    used 6814K, committed 7104K, reserved 1048576K
}

