# JRE version: OpenJDK Runtime Environment Corretto-17.0.2.8.1 (17.0.2+8) (build 17.0.2+8-LTS)
# Java VM: OpenJDK 64-Bit Server VM Corretto-17.0.2.8.1 (17.0.2+8-LTS, mixed mode, sharing, tiered, compressed oops, compressed class ptrs, g1 gc, windows-amd64)
GC Precious Log:
 CPUs: 12 total, 12 available
 Memory: 65398M
 Large Page Support: Disabled
 NUMA Support: Disabled
 Compressed Oops: Enabled (Zero based)
 Heap Region Size: 8M
 Heap Min Capacity: 8M
 Heap Initial Capacity: 1G
 Heap Max Capacity: 16352M
 Pre-touch: Disabled
 Parallel Workers: 10
 Concurrent Workers: 3
 Concurrent Refinement Workers: 10
 Periodic GC: Disabled
Heap:
 garbage-first heap   total 1466368K, used 784487K [0x0000000402000000, 0x0000000800000000)
  region size 8192K, 74 young (606208K), 4 survivors (32768K)
 Metaspace       used 45093K, committed 45696K, reserved 1089536K
  class space    used 6828K, committed 7104K, reserved 1048576K
GC Heap History (20 events):
Event: 3.582 GC heap before
{Heap before GC invocations=9 (full 0):
 garbage-first heap   total 335872K, used 193223K [0x0000000402000000, 0x0000000800000000)
  region size 8192K, 15 young (122880K), 3 survivors (24576K)
 Metaspace       used 35985K, committed 36416K, reserved 1081344K
  class space    used 5266K, committed 5440K, reserved 1048576K
}
Event: 3.601 GC heap after
{Heap after GC invocations=10 (full 0):
 garbage-first heap   total 335872K, used 120231K [0x0000000402000000, 0x0000000800000000)
  region size 8192K, 3 young (24576K), 3 survivors (24576K)
 Metaspace       used 35985K, committed 36416K, reserved 1081344K
  class space    used 5266K, committed 5440K, reserved 1048576K
}
Event: 3.725 GC heap before
{Heap before GC invocations=11 (full 0):
 garbage-first heap   total 335872K, used 210343K [0x0000000402000000, 0x0000000800000000)
  region size 8192K, 15 young (122880K), 3 survivors (24576K)
 Metaspace       used 36329K, committed 36800K, reserved 1081344K
  class space    used 5344K, committed 5568K, reserved 1048576K
}
Event: 3.739 GC heap after
{Heap after GC invocations=12 (full 0):
 garbage-first heap   total 335872K, used 130830K [0x0000000402000000, 0x0000000800000000)
  region size 8192K, 2 young (16384K), 2 survivors (16384K)
 Metaspace       used 36329K, committed 36800K, reserved 1081344K
  class space    used 5344K, committed 5568K, reserved 1048576K
}
Event: 3.887 GC heap before
{Heap before GC invocations=12 (full 0):
 garbage-first heap   total 335872K, used 237326K [0x0000000402000000, 0x0000000800000000)
  region size 8192K, 15 young (122880K), 2 survivors (16384K)
 Metaspace       used 37554K, committed 38016K, reserved 1089536K
  class space    used 5559K, committed 5760K, reserved 1048576K
}
Event: 3.908 GC heap after
{Heap after GC invocations=13 (full 0):
 garbage-first heap   total 720896K, used 146061K [0x0000000402000000, 0x0000000800000000)
  region size 8192K, 2 young (16384K), 2 survivors (16384K)
 Metaspace       used 37554K, committed 38016K, reserved 1089536K
  class space    used 5559K, committed 5760K, reserved 1048576K
}
Event: 4.242 GC heap before
{Heap before GC invocations=13 (full 0):
 garbage-first heap   total 720896K, used 490125K [0x0000000402000000, 0x0000000800000000)
  region size 8192K, 44 young (360448K), 2 survivors (16384K)
 Metaspace       used 40335K, committed 40960K, reserved 1089536K
  class space    used 6092K, committed 6400K, reserved 1048576K
}
Event: 4.276 GC heap after
{Heap after GC invocations=14 (full 0):
 garbage-first heap   total 720896K, used 190253K [0x0000000402000000, 0x0000000800000000)
  region size 8192K, 6 young (49152K), 6 survivors (49152K)
 Metaspace       used 40335K, committed 40960K, reserved 1089536K
  class space    used 6092K, committed 6400K, reserved 1048576K
}
Event: 4.421 GC heap before
{Heap before GC invocations=14 (full 0):
 garbage-first heap   total 720896K, used 485165K [0x0000000402000000, 0x0000000800000000)
  region size 8192K, 42 young (344064K), 6 survivors (49152K)
 Metaspace       used 41620K, committed 42176K, reserved 1089536K
  class space    used 6299K, committed 6592K, reserved 1048576K
}
Event: 4.449 GC heap after
{Heap after GC invocations=15 (full 0):
 garbage-first heap   total 720896K, used 205717K [0x0000000402000000, 0x0000000800000000)
  region size 8192K, 2 young (16384K), 2 survivors (16384K)
 Metaspace       used 41620K, committed 42176K, reserved 1089536K
  class space    used 6299K, committed 6592K, reserved 1048576K
}
Event: 4.503 GC heap before
{Heap before GC invocations=15 (full 0):
 garbage-first heap   total 720896K, used 508821K [0x0000000402000000, 0x0000000800000000)
  region size 8192K, 39 young (319488K), 2 survivors (16384K)
 Metaspace       used 41856K, committed 42432K, reserved 1089536K
  class space    used 6343K, committed 6656K, reserved 1048576K
}
Event: 4.512 GC heap after
{Heap after GC invocations=16 (full 0):
 garbage-first heap   total 720896K, used 207333K [0x0000000402000000, 0x0000000800000000)
  region size 8192K, 3 young (24576K), 3 survivors (24576K)
 Metaspace       used 41856K, committed 42432K, reserved 1089536K
  class space    used 6343K, committed 6656K, reserved 1048576K
}
Event: 4.567 GC heap before
{Heap before GC invocations=16 (full 0):
 garbage-first heap   total 720896K, used 535013K [0x0000000402000000, 0x0000000800000000)
  region size 8192K, 43 young (352256K), 3 survivors (24576K)
 Metaspace       used 42105K, committed 42688K, reserved 1089536K
  class space    used 6387K, committed 6656K, reserved 1048576K
}
Event: 4.579 GC heap after
{Heap after GC invocations=17 (full 0):
 garbage-first heap   total 1466368K, used 209585K [0x0000000402000000, 0x0000000800000000)
  region size 8192K, 3 young (24576K), 3 survivors (24576K)
 Metaspace       used 42105K, committed 42688K, reserved 1089536K
  class space    used 6387K, committed 6656K, reserved 1048576K
}
Event: 4.794 GC heap before
{Heap before GC invocations=17 (full 0):
 garbage-first heap   total 1466368K, used 1061553K [0x0000000402000000, 0x0000000800000000)
  region size 8192K, 107 young (876544K), 3 survivors (24576K)
 Metaspace       used 43670K, committed 44288K, reserved 1089536K
  class space    used 6678K, committed 6976K, reserved 1048576K
}
Event: 4.808 GC heap after
{Heap after GC invocations=18 (full 0):
 garbage-first heap   total 1466368K, used 216683K [0x0000000402000000, 0x0000000800000000)
  region size 8192K, 4 young (32768K), 4 survivors (32768K)
 Metaspace       used 43670K, committed 44288K, reserved 1089536K
  class space    used 6678K, committed 6976K, reserved 1048576K
}
Event: 4.941 GC heap before
{Heap before GC invocations=18 (full 0):
 garbage-first heap   total 1466368K, used 1060459K [0x0000000402000000, 0x0000000800000000)
  region size 8192K, 107 young (876544K), 4 survivors (32768K)
 Metaspace       used 44091K, committed 44672K, reserved 1089536K
  class space    used 6746K, committed 7040K, reserved 1048576K
}
Event: 4.954 GC heap after
{Heap after GC invocations=19 (full 0):
 garbage-first heap   total 1466368K, used 218079K [0x0000000402000000, 0x0000000800000000)
  region size 8192K, 4 young (32768K), 4 survivors (32768K)
 Metaspace       used 44091K, committed 44672K, reserved 1089536K
  class space    used 6746K, committed 7040K, reserved 1048576K
}
Event: 5.115 GC heap before
{Heap before GC invocations=19 (full 0):
 garbage-first heap   total 1466368K, used 1061855K [0x0000000402000000, 0x0000000800000000)
  region size 8192K, 107 young (876544K), 4 survivors (32768K)
 Metaspace       used 44729K, committed 45376K, reserved 1089536K
  class space    used 6811K, committed 7104K, reserved 1048576K
}
Event: 5.134 GC heap after
{Heap after GC invocations=20 (full 0):
 garbage-first heap   total 1466368K, used 219239K [0x0000000402000000, 0x0000000800000000)
  region size 8192K, 4 young (32768K), 4 survivors (32768K)
 Metaspace       used 44729K, committed 45376K, reserved 1089536K
  class space    used 6811K, committed 7104K, reserved 1048576K
}

