# JRE version: OpenJDK Runtime Environment Corretto-17.0.2.8.1 (17.0.2+8) (build 17.0.2+8-LTS)
# Java VM: OpenJDK 64-Bit Server VM Corretto-17.0.2.8.1 (17.0.2+8-LTS, mixed mode, sharing, tiered, compressed oops, compressed class ptrs, g1 gc, windows-amd64)
GC Precious Log:
 CPUs: 12 total, 12 available
 Memory: 65398M
 Large Page Support: Disabled
 NUMA Support: Disabled
 Compressed Oops: Enabled (Zero based)
 Heap Region Size: 8M
 Heap Min Capacity: 8M
 Heap Initial Capacity: 1G
 Heap Max Capacity: 16352M
 Pre-touch: Disabled
 Parallel Workers: 10
 Concurrent Workers: 3
 Concurrent Refinement Workers: 10
 Periodic GC: Disabled
Heap:
 garbage-first heap   total 2228224K, used 364027K [0x0000000402000000, 0x0000000800000000)
  region size 8192K, 22 young (180224K), 4 survivors (32768K)
 Metaspace       used 45016K, committed 45632K, reserved 1089536K
  class space    used 6820K, committed 7104K, reserved 1048576K
GC Heap History (20 events):
Event: 4.832 GC heap before
{Heap before GC invocations=13 (full 0):
 garbage-first heap   total 671744K, used 455426K [0x0000000402000000, 0x0000000800000000)
  region size 8192K, 39 young (319488K), 2 survivors (16384K)
 Metaspace       used 39781K, committed 40384K, reserved 1089536K
  class space    used 5971K, committed 6272K, reserved 1048576K
}
Event: 4.874 GC heap after
{Heap after GC invocations=14 (full 0):
 garbage-first heap   total 671744K, used 191333K [0x0000000402000000, 0x0000000800000000)
  region size 8192K, 5 young (40960K), 5 survivors (40960K)
 Metaspace       used 39781K, committed 40384K, reserved 1089536K
  class space    used 5971K, committed 6272K, reserved 1048576K
}
Event: 5.015 GC heap before
{Heap before GC invocations=14 (full 0):
 garbage-first heap   total 671744K, used 453477K [0x0000000402000000, 0x0000000800000000)
  region size 8192K, 37 young (303104K), 5 survivors (40960K)
 Metaspace       used 40721K, committed 41280K, reserved 1089536K
  class space    used 6140K, committed 6400K, reserved 1048576K
}
Event: 5.045 GC heap after
{Heap after GC invocations=15 (full 0):
 garbage-first heap   total 671744K, used 207527K [0x0000000402000000, 0x0000000800000000)
  region size 8192K, 2 young (16384K), 2 survivors (16384K)
 Metaspace       used 40721K, committed 41280K, reserved 1089536K
  class space    used 6140K, committed 6400K, reserved 1048576K
}
Event: 5.098 GC heap before
{Heap before GC invocations=15 (full 0):
 garbage-first heap   total 671744K, used 469671K [0x0000000402000000, 0x0000000800000000)
  region size 8192K, 35 young (286720K), 2 survivors (16384K)
 Metaspace       used 40930K, committed 41536K, reserved 1089536K
  class space    used 6176K, committed 6464K, reserved 1048576K
}
Event: 5.109 GC heap after
{Heap after GC invocations=16 (full 0):
 garbage-first heap   total 671744K, used 208126K [0x0000000402000000, 0x0000000800000000)
  region size 8192K, 2 young (16384K), 2 survivors (16384K)
 Metaspace       used 40930K, committed 41536K, reserved 1089536K
  class space    used 6176K, committed 6464K, reserved 1048576K
}
Event: 5.181 GC heap before
{Heap before GC invocations=16 (full 0):
 garbage-first heap   total 671744K, used 503038K [0x0000000402000000, 0x0000000800000000)
  region size 8192K, 38 young (311296K), 2 survivors (16384K)
 Metaspace       used 41051K, committed 41600K, reserved 1089536K
  class space    used 6188K, committed 6464K, reserved 1048576K
}
Event: 5.194 GC heap after
{Heap after GC invocations=17 (full 0):
 garbage-first heap   total 1433600K, used 208439K [0x0000000402000000, 0x0000000800000000)
  region size 8192K, 2 young (16384K), 2 survivors (16384K)
 Metaspace       used 41051K, committed 41600K, reserved 1089536K
  class space    used 6188K, committed 6464K, reserved 1048576K
}
Event: 5.382 GC heap before
{Heap before GC invocations=17 (full 0):
 garbage-first heap   total 1433600K, used 749111K [0x0000000402000000, 0x0000000800000000)
  region size 8192K, 70 young (573440K), 2 survivors (16384K)
 Metaspace       used 42264K, committed 42816K, reserved 1089536K
  class space    used 6402K, committed 6656K, reserved 1048576K
}
Event: 5.399 GC heap after
{Heap after GC invocations=18 (full 0):
 garbage-first heap   total 1433600K, used 219620K [0x0000000402000000, 0x0000000800000000)
  region size 8192K, 4 young (32768K), 4 survivors (32768K)
 Metaspace       used 42264K, committed 42816K, reserved 1089536K
  class space    used 6402K, committed 6656K, reserved 1048576K
}
Event: 5.607 GC heap before
{Heap before GC invocations=18 (full 0):
 garbage-first heap   total 1433600K, used 1038820K [0x0000000402000000, 0x0000000800000000)
  region size 8192K, 105 young (860160K), 4 survivors (32768K)
 Metaspace       used 43210K, committed 43840K, reserved 1089536K
  class space    used 6581K, committed 6848K, reserved 1048576K
}
Event: 5.624 GC heap after
{Heap after GC invocations=19 (full 0):
 garbage-first heap   total 1433600K, used 223146K [0x0000000402000000, 0x0000000800000000)
  region size 8192K, 4 young (32768K), 4 survivors (32768K)
 Metaspace       used 43210K, committed 43840K, reserved 1089536K
  class space    used 6581K, committed 6848K, reserved 1048576K
}
Event: 5.781 GC heap before
{Heap before GC invocations=20 (full 0):
 garbage-first heap   total 819200K, used 747434K [0x0000000402000000, 0x0000000800000000)
  region size 8192K, 69 young (565248K), 4 survivors (32768K)
 Metaspace       used 43255K, committed 43904K, reserved 1089536K
  class space    used 6598K, committed 6912K, reserved 1048576K
}
Event: 5.793 GC heap after
{Heap after GC invocations=21 (full 0):
 garbage-first heap   total 819200K, used 223240K [0x0000000402000000, 0x0000000800000000)
  region size 8192K, 4 young (32768K), 4 survivors (32768K)
 Metaspace       used 43255K, committed 43904K, reserved 1089536K
  class space    used 6598K, committed 6912K, reserved 1048576K
}
Event: 5.983 GC heap before
{Heap before GC invocations=21 (full 0):
 garbage-first heap   total 1122304K, used 681992K [0x0000000402000000, 0x0000000800000000)
  region size 8192K, 60 young (491520K), 4 survivors (32768K)
 Metaspace       used 43512K, committed 44160K, reserved 1089536K
  class space    used 6659K, committed 6976K, reserved 1048576K
}
Event: 5.998 GC heap after
{Heap after GC invocations=22 (full 0):
 garbage-first heap   total 1122304K, used 223038K [0x0000000402000000, 0x0000000800000000)
  region size 8192K, 4 young (32768K), 4 survivors (32768K)
 Metaspace       used 43512K, committed 44160K, reserved 1089536K
  class space    used 6659K, committed 6976K, reserved 1048576K
}
Event: 6.163 GC heap before
{Heap before GC invocations=23 (full 0):
 garbage-first heap   total 1122304K, used 862014K [0x0000000402000000, 0x0000000800000000)
  region size 8192K, 82 young (671744K), 4 survivors (32768K)
 Metaspace       used 44414K, committed 45056K, reserved 1089536K
  class space    used 6781K, committed 7104K, reserved 1048576K
}
Event: 6.176 GC heap after
{Heap after GC invocations=24 (full 0):
 garbage-first heap   total 1122304K, used 223941K [0x0000000402000000, 0x0000000800000000)
  region size 8192K, 4 young (32768K), 4 survivors (32768K)
 Metaspace       used 44414K, committed 45056K, reserved 1089536K
  class space    used 6781K, committed 7104K, reserved 1048576K
}
Event: 6.295 GC heap before
{Heap before GC invocations=24 (full 0):
 garbage-first heap   total 1122304K, used 862917K [0x0000000402000000, 0x0000000800000000)
  region size 8192K, 82 young (671744K), 4 survivors (32768K)
 Metaspace       used 45016K, committed 45632K, reserved 1089536K
  class space    used 6820K, committed 7104K, reserved 1048576K
}
Event: 6.312 GC heap after
{Heap after GC invocations=25 (full 0):
 garbage-first heap   total 2228224K, used 224763K [0x0000000402000000, 0x0000000800000000)
  region size 8192K, 4 young (32768K), 4 survivors (32768K)
 Metaspace       used 45016K, committed 45632K, reserved 1089536K
  class space    used 6820K, committed 7104K, reserved 1048576K
}

