# JRE version: OpenJDK Runtime Environment Corretto-17.0.2.8.1 (17.0.2+8) (build 17.0.2+8-LTS)
# Java VM: OpenJDK 64-Bit Server VM Corretto-17.0.2.8.1 (17.0.2+8-LTS, mixed mode, sharing, tiered, compressed oops, compressed class ptrs, g1 gc, windows-amd64)
GC Precious Log:
 CPUs: 12 total, 12 available
 Memory: 65398M
 Large Page Support: Disabled
 NUMA Support: Disabled
 Compressed Oops: Enabled (Zero based)
 Heap Region Size: 8M
 Heap Min Capacity: 8M
 Heap Initial Capacity: 1G
 Heap Max Capacity: 16352M
 Pre-touch: Disabled
 Parallel Workers: 10
 Concurrent Workers: 3
 Concurrent Refinement Workers: 10
 Periodic GC: Disabled
Heap:
 garbage-first heap   total 2031616K, used 965386K [0x0000000402000000, 0x0000000800000000)
  region size 8192K, 96 young (786432K), 3 survivors (24576K)
 Metaspace       used 45093K, committed 45696K, reserved 1089536K
  class space    used 6823K, committed 7104K, reserved 1048576K
GC Heap History (20 events):
Event: 4.108 GC heap before
{Heap before GC invocations=8 (full 0):
 garbage-first heap   total 499712K, used 297853K [0x0000000402000000, 0x0000000800000000)
  region size 8192K, 29 young (237568K), 2 survivors (16384K)
 Metaspace       used 35039K, committed 35520K, reserved 1081344K
  class space    used 5053K, committed 5248K, reserved 1048576K
}
Event: 4.127 GC heap after
{Heap after GC invocations=9 (full 0):
 garbage-first heap   total 499712K, used 110112K [0x0000000402000000, 0x0000000800000000)
  region size 8192K, 4 young (32768K), 4 survivors (32768K)
 Metaspace       used 35039K, committed 35520K, reserved 1081344K
  class space    used 5053K, committed 5248K, reserved 1048576K
}
Event: 4.244 GC heap before
{Heap before GC invocations=9 (full 0):
 garbage-first heap   total 499712K, used 167456K [0x0000000402000000, 0x0000000800000000)
  region size 8192K, 12 young (98304K), 4 survivors (32768K)
 Metaspace       used 35992K, committed 36416K, reserved 1081344K
  class space    used 5268K, committed 5440K, reserved 1048576K
}
Event: 4.262 GC heap after
{Heap after GC invocations=10 (full 0):
 garbage-first heap   total 499712K, used 121293K [0x0000000402000000, 0x0000000800000000)
  region size 8192K, 2 young (16384K), 2 survivors (16384K)
 Metaspace       used 35992K, committed 36416K, reserved 1081344K
  class space    used 5268K, committed 5440K, reserved 1048576K
}
Event: 4.571 GC heap before
{Heap before GC invocations=11 (full 0):
 garbage-first heap   total 499712K, used 334285K [0x0000000402000000, 0x0000000800000000)
  region size 8192K, 29 young (237568K), 2 survivors (16384K)
 Metaspace       used 38193K, committed 38784K, reserved 1089536K
  class space    used 5676K, committed 5952K, reserved 1048576K
}
Event: 4.590 GC heap after
{Heap after GC invocations=12 (full 0):
 garbage-first heap   total 499712K, used 145327K [0x0000000402000000, 0x0000000800000000)
  region size 8192K, 4 young (32768K), 4 survivors (32768K)
 Metaspace       used 38193K, committed 38784K, reserved 1089536K
  class space    used 5676K, committed 5952K, reserved 1048576K
}
Event: 4.784 GC heap before
{Heap before GC invocations=13 (full 0):
 garbage-first heap   total 499712K, used 358319K [0x0000000402000000, 0x0000000800000000)
  region size 8192K, 30 young (245760K), 4 survivors (32768K)
 Metaspace       used 39091K, committed 39680K, reserved 1089536K
  class space    used 5847K, committed 6144K, reserved 1048576K
}
Event: 4.815 GC heap after
{Heap after GC invocations=14 (full 0):
 garbage-first heap   total 499712K, used 173263K [0x0000000402000000, 0x0000000800000000)
  region size 8192K, 4 young (32768K), 4 survivors (32768K)
 Metaspace       used 39091K, committed 39680K, reserved 1089536K
  class space    used 5847K, committed 6144K, reserved 1048576K
}
Event: 4.985 GC heap before
{Heap before GC invocations=14 (full 0):
 garbage-first heap   total 499712K, used 361679K [0x0000000402000000, 0x0000000800000000)
  region size 8192K, 27 young (221184K), 4 survivors (32768K)
 Metaspace       used 40686K, committed 41216K, reserved 1089536K
  class space    used 6141K, committed 6400K, reserved 1048576K
}
Event: 5.009 GC heap after
{Heap after GC invocations=15 (full 0):
 garbage-first heap   total 499712K, used 197175K [0x0000000402000000, 0x0000000800000000)
  region size 8192K, 3 young (24576K), 3 survivors (24576K)
 Metaspace       used 40686K, committed 41216K, reserved 1089536K
  class space    used 6141K, committed 6400K, reserved 1048576K
}
Event: 5.101 GC heap before
{Heap before GC invocations=15 (full 0):
 garbage-first heap   total 499712K, used 369207K [0x0000000402000000, 0x0000000800000000)
  region size 8192K, 24 young (196608K), 3 survivors (24576K)
 Metaspace       used 41038K, committed 41600K, reserved 1089536K
  class space    used 6191K, committed 6464K, reserved 1048576K
}
Event: 5.116 GC heap after
{Heap after GC invocations=16 (full 0):
 garbage-first heap   total 1015808K, used 202163K [0x0000000402000000, 0x0000000800000000)
  region size 8192K, 1 young (8192K), 1 survivors (8192K)
 Metaspace       used 41038K, committed 41600K, reserved 1089536K
  class space    used 6191K, committed 6464K, reserved 1048576K
}
Event: 5.282 GC heap before
{Heap before GC invocations=16 (full 0):
 garbage-first heap   total 1015808K, used 767411K [0x0000000402000000, 0x0000000800000000)
  region size 8192K, 70 young (573440K), 1 survivors (8192K)
 Metaspace       used 42546K, committed 43136K, reserved 1089536K
  class space    used 6454K, committed 6720K, reserved 1048576K
}
Event: 5.290 GC heap after
{Heap after GC invocations=17 (full 0):
 garbage-first heap   total 1015808K, used 209230K [0x0000000402000000, 0x0000000800000000)
  region size 8192K, 2 young (16384K), 2 survivors (16384K)
 Metaspace       used 42546K, committed 43136K, reserved 1089536K
  class space    used 6454K, committed 6720K, reserved 1048576K
}
Event: 5.403 GC heap before
{Heap before GC invocations=17 (full 0):
 garbage-first heap   total 1015808K, used 799054K [0x0000000402000000, 0x0000000800000000)
  region size 8192K, 74 young (606208K), 2 survivors (16384K)
 Metaspace       used 43196K, committed 43776K, reserved 1089536K
  class space    used 6585K, committed 6848K, reserved 1048576K
}
Event: 5.415 GC heap after
{Heap after GC invocations=18 (full 0):
 garbage-first heap   total 1015808K, used 215745K [0x0000000402000000, 0x0000000800000000)
  region size 8192K, 3 young (24576K), 3 survivors (24576K)
 Metaspace       used 43196K, committed 43776K, reserved 1089536K
  class space    used 6585K, committed 6848K, reserved 1048576K
}
Event: 5.535 GC heap before
{Heap before GC invocations=18 (full 0):
 garbage-first heap   total 1015808K, used 797377K [0x0000000402000000, 0x0000000800000000)
  region size 8192K, 74 young (606208K), 3 survivors (24576K)
 Metaspace       used 43739K, committed 44352K, reserved 1089536K
  class space    used 6685K, committed 6976K, reserved 1048576K
}
Event: 5.546 GC heap after
{Heap after GC invocations=19 (full 0):
 garbage-first heap   total 1015808K, used 217225K [0x0000000402000000, 0x0000000800000000)
  region size 8192K, 3 young (24576K), 3 survivors (24576K)
 Metaspace       used 43739K, committed 44352K, reserved 1089536K
  class space    used 6685K, committed 6976K, reserved 1048576K
}
Event: 5.643 GC heap before
{Heap before GC invocations=19 (full 0):
 garbage-first heap   total 1015808K, used 798857K [0x0000000402000000, 0x0000000800000000)
  region size 8192K, 74 young (606208K), 3 survivors (24576K)
 Metaspace       used 44174K, committed 44800K, reserved 1089536K
  class space    used 6755K, committed 7040K, reserved 1048576K
}
Event: 5.657 GC heap after
{Heap after GC invocations=20 (full 0):
 garbage-first heap   total 2031616K, used 219914K [0x0000000402000000, 0x0000000800000000)
  region size 8192K, 3 young (24576K), 3 survivors (24576K)
 Metaspace       used 44174K, committed 44800K, reserved 1089536K
  class space    used 6755K, committed 7040K, reserved 1048576K
}

